<?xml version="1.0" encoding="UTF-8"?>
<testsuite xmlns:xsi="http://www.w3.org/2001/XMLSchema-instance" xsi:noNamespaceSchemaLocation="https://maven.apache.org/surefire/maven-surefire-plugin/xsd/surefire-test-report-3.0.xsd" version="3.0" name="com.cab302.javafxreadingdemo.model.PasswordHashTest" time="1.064" tests="6" errors="0" skipped="0" failures="0">
  <properties>
    <property name="java.specification.version" value="21"/>
    <property name="sun.cpu.isalist" value="amd64"/>
    <property name="sun.jnu.encoding" value="Cp1252"/>
    <property name="java.class.path" value="C:\Users\fhten\IdeaProjects\CAB302-Project\target\test-classes;C:\Users\fhten\.m2\repository\org\openjfx\javafx-controls\21\javafx-controls-21.jar;C:\Users\fhten\.m2\repository\org\openjfx\javafx-graphics\21\javafx-graphics-21.jar;C:\Users\fhten\.m2\repository\org\openjfx\javafx-base\21\javafx-base-21.jar;C:\Users\fhten\.m2\repository\org\openjfx\javafx-fxml\21\javafx-fxml-21.jar;C:\Users\fhten\.m2\repository\org\junit\jupiter\junit-jupiter-api\5.10.2\junit-jupiter-api-5.10.2.jar;C:\Users\fhten\.m2\repository\org\opentest4j\opentest4j\1.3.0\opentest4j-1.3.0.jar;C:\Users\fhten\.m2\repository\org\junit\platform\junit-platform-commons\1.10.2\junit-platform-commons-1.10.2.jar;C:\Users\fhten\.m2\repository\org\apiguardian\apiguardian-api\1.1.2\apiguardian-api-1.1.2.jar;C:\Users\fhten\.m2\repository\org\slf4j\slf4j-api\1.7.36\slf4j-api-1.7.36.jar;C:\Users\fhten\.m2\repository\commons-codec\commons-codec\1.15\commons-codec-1.15.jar;C:\Users\fhten\.m2\repository\org\apache\commons\commons-lang3\3.12.0\commons-lang3-3.12.0.jar;C:\Users\fhten\.m2\repository\org\apache\commons\commons-collections4\4.4\commons-collections4-4.4.jar;C:\Users\fhten\.m2\repository\commons-validator\commons-validator\1.7\commons-validator-1.7.jar;C:\Users\fhten\.m2\repository\commons-beanutils\commons-beanutils\1.9.4\commons-beanutils-1.9.4.jar;C:\Users\fhten\.m2\repository\commons-digester\commons-digester\2.1\commons-digester-2.1.jar;C:\Users\fhten\.m2\repository\commons-logging\commons-logging\1.2\commons-logging-1.2.jar;C:\Users\fhten\.m2\repository\commons-collections\commons-collections\3.2.2\commons-collections-3.2.2.jar;C:\Users\fhten\.m2\repository\org\threeten\threeten-extra\1.7.0\threeten-extra-1.7.0.jar;C:\Users\fhten\.m2\repository\org\jooq\jool-java-8\0.9.14\jool-java-8-0.9.14.jar;C:\Users\fhten\.m2\repository\org\xerial\sqlite-jdbc\3.49.1.0\sqlite-jdbc-3.49.1.0.jar;C:\Users\fhten\.m2\repository\org\junit\jupiter\junit-jupiter-engine\5.10.2\junit-jupiter-engine-5.10.2.jar;C:\Users\fhten\.m2\repository\org\junit\platform\junit-platform-engine\1.10.2\junit-platform-engine-1.10.2.jar;"/>
    <property name="java.vm.vendor" value="Amazon.com Inc."/>
    <property name="sun.arch.data.model" value="64"/>
    <property name="user.variant" value=""/>
    <property name="java.vendor.url" value="https://aws.amazon.com/corretto/"/>
    <property name="user.timezone" value="Australia/Brisbane"/>
    <property name="os.name" value="Windows 10"/>
    <property name="java.vm.specification.version" value="21"/>
    <property name="user.country" value="AU"/>
    <property name="sun.java.launcher" value="SUN_STANDARD"/>
    <property name="sun.boot.library.path" value="E:\jdk21.0.8_9\bin"/>
    <property name="sun.java.command" value="org.apache.maven.surefire.booter.ForkedBooter C:\Users\fhten\AppData\Local\Temp\surefire9655828926751549131 2025-09-19T20-20-04_809-jvmRun1 surefire-20250919202005140_1tmp surefire_0-20250919202005140_2tmp"/>
    <property name="jdk.debug" value="release"/>
    <property name="surefire.test.class.path" value="C:\Users\fhten\IdeaProjects\CAB302-Project\target\test-classes;C:\Users\fhten\.m2\repository\org\openjfx\javafx-controls\21\javafx-controls-21.jar;C:\Users\fhten\.m2\repository\org\openjfx\javafx-graphics\21\javafx-graphics-21.jar;C:\Users\fhten\.m2\repository\org\openjfx\javafx-base\21\javafx-base-21.jar;C:\Users\fhten\.m2\repository\org\openjfx\javafx-fxml\21\javafx-fxml-21.jar;C:\Users\fhten\.m2\repository\org\junit\jupiter\junit-jupiter-api\5.10.2\junit-jupiter-api-5.10.2.jar;C:\Users\fhten\.m2\repository\org\opentest4j\opentest4j\1.3.0\opentest4j-1.3.0.jar;C:\Users\fhten\.m2\repository\org\junit\platform\junit-platform-commons\1.10.2\junit-platform-commons-1.10.2.jar;C:\Users\fhten\.m2\repository\org\apiguardian\apiguardian-api\1.1.2\apiguardian-api-1.1.2.jar;C:\Users\fhten\.m2\repository\org\slf4j\slf4j-api\1.7.36\slf4j-api-1.7.36.jar;C:\Users\fhten\.m2\repository\commons-codec\commons-codec\1.15\commons-codec-1.15.jar;C:\Users\fhten\.m2\repository\org\apache\commons\commons-lang3\3.12.0\commons-lang3-3.12.0.jar;C:\Users\fhten\.m2\repository\org\apache\commons\commons-collections4\4.4\commons-collections4-4.4.jar;C:\Users\fhten\.m2\repository\commons-validator\commons-validator\1.7\commons-validator-1.7.jar;C:\Users\fhten\.m2\repository\commons-beanutils\commons-beanutils\1.9.4\commons-beanutils-1.9.4.jar;C:\Users\fhten\.m2\repository\commons-digester\commons-digester\2.1\commons-digester-2.1.jar;C:\Users\fhten\.m2\repository\commons-logging\commons-logging\1.2\commons-logging-1.2.jar;C:\Users\fhten\.m2\repository\commons-collections\commons-collections\3.2.2\commons-collections-3.2.2.jar;C:\Users\fhten\.m2\repository\org\threeten\threeten-extra\1.7.0\threeten-extra-1.7.0.jar;C:\Users\fhten\.m2\repository\org\jooq\jool-java-8\0.9.14\jool-java-8-0.9.14.jar;C:\Users\fhten\.m2\repository\org\xerial\sqlite-jdbc\3.49.1.0\sqlite-jdbc-3.49.1.0.jar;C:\Users\fhten\.m2\repository\org\junit\jupiter\junit-jupiter-engine\5.10.2\junit-jupiter-engine-5.10.2.jar;C:\Users\fhten\.m2\repository\org\junit\platform\junit-platform-engine\1.10.2\junit-platform-engine-1.10.2.jar;"/>
    <property name="sun.cpu.endian" value="little"/>
    <property name="user.home" value="C:\Users\fhten"/>
    <property name="user.language" value="en"/>
    <property name="java.specification.vendor" value="Oracle Corporation"/>
    <property name="jdk.module.path" value="C:\Users\fhten\IdeaProjects\CAB302-Project\target\classes;C:\Users\fhten\.m2\repository\org\openjfx\javafx-controls\21\javafx-controls-21-win.jar;C:\Users\fhten\.m2\repository\org\openjfx\javafx-graphics\21\javafx-graphics-21-win.jar;C:\Users\fhten\.m2\repository\org\openjfx\javafx-base\21\javafx-base-21-win.jar;C:\Users\fhten\.m2\repository\org\openjfx\javafx-fxml\21\javafx-fxml-21-win.jar;C:\Users\fhten\.m2\repository\com\calendarfx\view\11.12.6\view-11.12.6.jar;C:\Users\fhten\.m2\repository\org\kordamp\ikonli\ikonli-javafx\12.3.1\ikonli-javafx-12.3.1.jar;C:\Users\fhten\.m2\repository\org\kordamp\ikonli\ikonli-core\12.3.1\ikonli-core-12.3.1.jar;C:\Users\fhten\.m2\repository\org\kordamp\ikonli\ikonli-fontawesome-pack\12.3.1\ikonli-fontawesome-pack-12.3.1.jar;C:\Users\fhten\.m2\repository\org\mnode\ical4j\ical4j\4.0.0-beta2\ical4j-4.0.0-beta2.jar;C:\Users\fhten\.m2\repository\org\controlsfx\controlsfx\11.2.2\controlsfx-11.2.2.jar;C:\Users\fhten\.m2\repository\org\mindrot\jbcrypt\0.4\jbcrypt-0.4.jar;C:\Users\fhten\.m2\repository\io\github\mkpaz\atlantafx-base\2.1.0\atlantafx-base-2.1.0.jar;C:\Users\fhten\.m2\repository\com\fasterxml\jackson\core\jackson-databind\2.17.1\jackson-databind-2.17.1.jar;C:\Users\fhten\.m2\repository\com\fasterxml\jackson\core\jackson-core\2.17.1\jackson-core-2.17.1.jar;C:\Users\fhten\.m2\repository\com\fasterxml\jackson\core\jackson-annotations\2.17.1\jackson-annotations-2.17.1.jar"/>
    <property name="java.version.date" value="2025-07-15"/>
    <property name="java.home" value="E:\jdk21.0.8_9"/>
    <property name="file.separator" value="\"/>
    <property name="basedir" value="C:\Users\fhten\IdeaProjects\CAB302-Project"/>
    <property name="style.color" value="always"/>
    <property name="java.vm.compressedOopsMode" value="Zero based"/>
    <property name="line.separator" value="&#10;"/>
    <property name="java.vm.specification.vendor" value="Oracle Corporation"/>
    <property name="java.specification.name" value="Java Platform API Specification"/>
    <property name="surefire.real.class.path" value="C:\Users\fhten\.m2\repository\org\apache\maven\surefire\surefire-booter\3.2.5\surefire-booter-3.2.5.jar;C:\Users\fhten\.m2\repository\org\apache\maven\surefire\surefire-api\3.2.5\surefire-api-3.2.5.jar;C:\Users\fhten\.m2\repository\org\apache\maven\surefire\surefire-logger-api\3.2.5\surefire-logger-api-3.2.5.jar;C:\Users\fhten\.m2\repository\org\apache\maven\surefire\surefire-shared-utils\3.2.5\surefire-shared-utils-3.2.5.jar;C:\Users\fhten\.m2\repository\org\apache\maven\surefire\surefire-extensions-spi\3.2.5\surefire-extensions-spi-3.2.5.jar;C:\Users\fhten\IdeaProjects\CAB302-Project\target\test-classes;C:\Users\fhten\.m2\repository\org\openjfx\javafx-controls\21\javafx-controls-21.jar;C:\Users\fhten\.m2\repository\org\openjfx\javafx-graphics\21\javafx-graphics-21.jar;C:\Users\fhten\.m2\repository\org\openjfx\javafx-base\21\javafx-base-21.jar;C:\Users\fhten\.m2\repository\org\openjfx\javafx-fxml\21\javafx-fxml-21.jar;C:\Users\fhten\.m2\repository\org\junit\jupiter\junit-jupiter-api\5.10.2\junit-jupiter-api-5.10.2.jar;C:\Users\fhten\.m2\repository\org\opentest4j\opentest4j\1.3.0\opentest4j-1.3.0.jar;C:\Users\fhten\.m2\repository\org\junit\platform\junit-platform-commons\1.10.2\junit-platform-commons-1.10.2.jar;C:\Users\fhten\.m2\repository\org\apiguardian\apiguardian-api\1.1.2\apiguardian-api-1.1.2.jar;C:\Users\fhten\.m2\repository\org\slf4j\slf4j-api\1.7.36\slf4j-api-1.7.36.jar;C:\Users\fhten\.m2\repository\commons-codec\commons-codec\1.15\commons-codec-1.15.jar;C:\Users\fhten\.m2\repository\org\apache\commons\commons-lang3\3.12.0\commons-lang3-3.12.0.jar;C:\Users\fhten\.m2\repository\org\apache\commons\commons-collections4\4.4\commons-collections4-4.4.jar;C:\Users\fhten\.m2\repository\commons-validator\commons-validator\1.7\commons-validator-1.7.jar;C:\Users\fhten\.m2\repository\commons-beanutils\commons-beanutils\1.9.4\commons-beanutils-1.9.4.jar;C:\Users\fhten\.m2\repository\commons-digester\commons-digester\2.1\commons-digester-2.1.jar;C:\Users\fhten\.m2\repository\commons-logging\commons-logging\1.2\commons-logging-1.2.jar;C:\Users\fhten\.m2\repository\commons-collections\commons-collections\3.2.2\commons-collections-3.2.2.jar;C:\Users\fhten\.m2\repository\org\threeten\threeten-extra\1.7.0\threeten-extra-1.7.0.jar;C:\Users\fhten\.m2\repository\org\jooq\jool-java-8\0.9.14\jool-java-8-0.9.14.jar;C:\Users\fhten\.m2\repository\org\xerial\sqlite-jdbc\3.49.1.0\sqlite-jdbc-3.49.1.0.jar;C:\Users\fhten\.m2\repository\org\junit\jupiter\junit-jupiter-engine\5.10.2\junit-jupiter-engine-5.10.2.jar;C:\Users\fhten\.m2\repository\org\junit\platform\junit-platform-engine\1.10.2\junit-platform-engine-1.10.2.jar;C:\Users\fhten\.m2\repository\org\apache\maven\surefire\surefire-junit-platform\3.2.5\surefire-junit-platform-3.2.5.jar;C:\Users\fhten\.m2\repository\org\apache\maven\surefire\common-java5\3.2.5\common-java5-3.2.5.jar;C:\Users\fhten\.m2\repository\org\junit\platform\junit-platform-launcher\1.10.2\junit-platform-launcher-1.10.2.jar"/>
    <property name="user.script" value=""/>
    <property name="sun.management.compiler" value="HotSpot 64-Bit Tiered Compilers"/>
    <property name="java.runtime.version" value="21.0.8+9-LTS"/>
    <property name="user.name" value="fhten"/>
    <property name="stdout.encoding" value="Cp1252"/>
    <property name="path.separator" value=";"/>
    <property name="os.version" value="10.0"/>
    <property name="java.runtime.name" value="OpenJDK Runtime Environment"/>
    <property name="file.encoding" value="UTF-8"/>
    <property name="java.vm.name" value="OpenJDK 64-Bit Server VM"/>
    <property name="java.vendor.version" value="Corretto-21.0.8.9.1"/>
    <property name="maven.ext.class.path" value="E:\IntelliJ IDEA Community Edition 2025.2\plugins\maven\lib\maven-event-listener.jar"/>
    <property name="localRepository" value="C:\Users\fhten\.m2\repository"/>
    <property name="java.vendor.url.bug" value="https://github.com/corretto/corretto-21/issues/"/>
    <property name="java.io.tmpdir" value="C:\Users\fhten\AppData\Local\Temp\"/>
    <property name="idea.version" value="2025.2"/>
    <property name="java.version" value="21.0.8"/>
    <property name="user.dir" value="C:\Users\fhten\IdeaProjects\CAB302-Project"/>
    <property name="os.arch" value="amd64"/>
    <property name="jansi.passthrough" value="true"/>
    <property name="java.vm.specification.name" value="Java Virtual Machine Specification"/>
    <property name="sun.os.patch.level" value=""/>
    <property name="native.encoding" value="Cp1252"/>
    <property name="java.library.path" value="E:\jdk21.0.8_9\bin;C:\Windows\Sun\Java\bin;C:\Windows\system32;C:\Windows;E:\jdk21.0.8_9\bin;C:\Windows\system32;C:\Windows;C:\Windows\System32\Wbem;C:\Windows\System32\WindowsPowerShell\v1.0\;C:\Windows\System32\OpenSSH\;C:\Program Files\Microsoft SQL Server\120\Tools\Binn\;C:\Program Files\Common Files\Autodesk Shared\;C:\Program Files\Microsoft SQL Server\150\Tools\Binn\;C:\Program Files\MATLAB\R2023b\bin;C:\Program Files\dotnet\;C:\Program Files\NVIDIA Corporation\NVIDIA app\NvDLISR;C:\Program Files\Git\cmd;C:\Program Files (x86)\Microsoft SQL Server\160\Tools\Binn\;C:\Program Files\Microsoft SQL Server\160\Tools\Binn\;C:\Program Files\Microsoft SQL Server\Client SDK\ODBC\170\Tools\Binn\;C:\Program Files\Microsoft SQL Server\160\DTS\Binn\;C:\Program Files (x86)\Windows Kits\8.1\Windows Performance Toolkit\;C:\Users\fhten\AppData\Local\Microsoft\WindowsApps;C:\Users\fhten\AppData\Local\Programs\Microsoft VS Code\bin;C:\Users\fhten\.dotnet\tools;."/>
    <property name="java.vm.info" value="mixed mode"/>
    <property name="stderr.encoding" value="Cp1252"/>
    <property name="java.vendor" value="Amazon.com Inc."/>
    <property name="java.vm.version" value="21.0.8+9-LTS"/>
    <property name="sun.io.unicode.encoding" value="UnicodeLittle"/>
    <property name="java.class.version" value="65.0"/>
  </properties>
  <testcase name="costFactorEmbeddedInHash_isWhatWeAskedFor" classname="com.cab302.javafxreadingdemo.model.PasswordHashTest" time="0.516"/>
  <testcase name="hashIsSalted_eachHashIsDifferent" classname="com.cab302.javafxreadingdemo.model.PasswordHashTest" time="0.24"/>
  <testcase name="correctPasswordMatchesHash_wrongPasswordDoesNot" classname="com.cab302.javafxreadingdemo.model.PasswordHashTest" time="0.18"/>
  <testcase name="hashHasBcryptFormat" classname="com.cab302.javafxreadingdemo.model.PasswordHashTest" time="0.061"/>
  <testcase name="malformedHash_throwsIllegalArgumentException" classname="com.cab302.javafxreadingdemo.model.PasswordHashTest" time="0.002"/>
  <testcase name="hashIsNotRaw" classname="com.cab302.javafxreadingdemo.model.PasswordHashTest" time="0.06"/>
</testsuite>