<?xml version="1.0" encoding="UTF-8"?>
<testsuite xmlns:xsi="http://www.w3.org/2001/XMLSchema-instance" xsi:noNamespaceSchemaLocation="https://maven.apache.org/surefire/maven-surefire-plugin/xsd/surefire-test-report-3.0.xsd" version="3.0" name="com.cab302.javafxreadingdemo.model.PasswordHashTest" time="0.913" tests="6" errors="0" skipped="0" failures="0">
  <properties>
    <property name="java.specification.version" value="21"/>
    <property name="sun.jnu.encoding" value="UTF-8"/>
    <property name="java.class.path" value="/Users/frasertennent/IdeaProjects/CAB302-Project/target/test-classes:/Users/frasertennent/.m2/repository/org/openjfx/javafx-controls/21/javafx-controls-21.jar:/Users/frasertennent/.m2/repository/org/openjfx/javafx-graphics/21/javafx-graphics-21.jar:/Users/frasertennent/.m2/repository/org/openjfx/javafx-base/21/javafx-base-21.jar:/Users/frasertennent/.m2/repository/org/openjfx/javafx-fxml/21/javafx-fxml-21.jar:/Users/frasertennent/.m2/repository/org/junit/jupiter/junit-jupiter-api/5.10.2/junit-jupiter-api-5.10.2.jar:/Users/frasertennent/.m2/repository/org/opentest4j/opentest4j/1.3.0/opentest4j-1.3.0.jar:/Users/frasertennent/.m2/repository/org/junit/platform/junit-platform-commons/1.10.2/junit-platform-commons-1.10.2.jar:/Users/frasertennent/.m2/repository/org/apiguardian/apiguardian-api/1.1.2/apiguardian-api-1.1.2.jar:/Users/frasertennent/.m2/repository/org/xerial/sqlite-jdbc/3.49.1.0/sqlite-jdbc-3.49.1.0.jar:/Users/frasertennent/.m2/repository/org/junit/jupiter/junit-jupiter-engine/5.10.2/junit-jupiter-engine-5.10.2.jar:/Users/frasertennent/.m2/repository/org/junit/platform/junit-platform-engine/1.10.2/junit-platform-engine-1.10.2.jar:"/>
    <property name="java.vm.vendor" value="Amazon.com Inc."/>
    <property name="sun.arch.data.model" value="64"/>
    <property name="java.vendor.url" value="https://aws.amazon.com/corretto/"/>
    <property name="os.name" value="Mac OS X"/>
    <property name="java.vm.specification.version" value="21"/>
    <property name="sun.java.launcher" value="SUN_STANDARD"/>
    <property name="user.country" value="US"/>
    <property name="sun.boot.library.path" value="/Library/Java/JavaVirtualMachines/amazon-corretto-21.jdk/Contents/Home/lib"/>
    <property name="sun.java.command" value="org.apache.maven.surefire.booter.ForkedBooter /Users/frasertennent/IdeaProjects/CAB302-Project/target/surefire 2025-10-01T14-14-08_934-jvmRun1 surefire-20251001141409014_1tmp surefire_0-20251001141409014_2tmp"/>
    <property name="http.nonProxyHosts" value="local|*.local|169.254/16|*.169.254/16"/>
    <property name="jdk.debug" value="release"/>
    <property name="surefire.test.class.path" value="/Users/frasertennent/IdeaProjects/CAB302-Project/target/test-classes:/Users/frasertennent/.m2/repository/org/openjfx/javafx-controls/21/javafx-controls-21.jar:/Users/frasertennent/.m2/repository/org/openjfx/javafx-graphics/21/javafx-graphics-21.jar:/Users/frasertennent/.m2/repository/org/openjfx/javafx-base/21/javafx-base-21.jar:/Users/frasertennent/.m2/repository/org/openjfx/javafx-fxml/21/javafx-fxml-21.jar:/Users/frasertennent/.m2/repository/org/junit/jupiter/junit-jupiter-api/5.10.2/junit-jupiter-api-5.10.2.jar:/Users/frasertennent/.m2/repository/org/opentest4j/opentest4j/1.3.0/opentest4j-1.3.0.jar:/Users/frasertennent/.m2/repository/org/junit/platform/junit-platform-commons/1.10.2/junit-platform-commons-1.10.2.jar:/Users/frasertennent/.m2/repository/org/apiguardian/apiguardian-api/1.1.2/apiguardian-api-1.1.2.jar:/Users/frasertennent/.m2/repository/org/xerial/sqlite-jdbc/3.49.1.0/sqlite-jdbc-3.49.1.0.jar:/Users/frasertennent/.m2/repository/org/junit/jupiter/junit-jupiter-engine/5.10.2/junit-jupiter-engine-5.10.2.jar:/Users/frasertennent/.m2/repository/org/junit/platform/junit-platform-engine/1.10.2/junit-platform-engine-1.10.2.jar:"/>
    <property name="sun.cpu.endian" value="little"/>
    <property name="user.home" value="/Users/frasertennent"/>
    <property name="user.language" value="en"/>
    <property name="java.specification.vendor" value="Oracle Corporation"/>
    <property name="jdk.module.path" value="/Users/frasertennent/IdeaProjects/CAB302-Project/target/classes:/Users/frasertennent/.m2/repository/org/openjfx/javafx-controls/21/javafx-controls-21-mac-aarch64.jar:/Users/frasertennent/.m2/repository/org/openjfx/javafx-graphics/21/javafx-graphics-21-mac-aarch64.jar:/Users/frasertennent/.m2/repository/org/openjfx/javafx-base/21/javafx-base-21-mac-aarch64.jar:/Users/frasertennent/.m2/repository/org/openjfx/javafx-fxml/21/javafx-fxml-21-mac-aarch64.jar:/Users/frasertennent/.m2/repository/org/mindrot/jbcrypt/0.4/jbcrypt-0.4.jar:/Users/frasertennent/.m2/repository/io/github/mkpaz/atlantafx-base/2.1.0/atlantafx-base-2.1.0.jar:/Users/frasertennent/.m2/repository/com/fasterxml/jackson/core/jackson-databind/2.17.1/jackson-databind-2.17.1.jar:/Users/frasertennent/.m2/repository/com/fasterxml/jackson/core/jackson-core/2.17.1/jackson-core-2.17.1.jar:/Users/frasertennent/.m2/repository/com/fasterxml/jackson/core/jackson-annotations/2.17.1/jackson-annotations-2.17.1.jar"/>
    <property name="java.version.date" value="2025-07-15"/>
    <property name="java.home" value="/Library/Java/JavaVirtualMachines/amazon-corretto-21.jdk/Contents/Home"/>
    <property name="file.separator" value="/"/>
    <property name="basedir" value="/Users/frasertennent/IdeaProjects/CAB302-Project"/>
    <property name="java.vm.compressedOopsMode" value="Zero based"/>
    <property name="line.separator" value="&#10;"/>
    <property name="java.vm.specification.vendor" value="Oracle Corporation"/>
    <property name="java.specification.name" value="Java Platform API Specification"/>
    <property name="apple.awt.application.name" value="ForkedBooter"/>
    <property name="surefire.real.class.path" value="/Users/frasertennent/.m2/repository/org/apache/maven/surefire/surefire-booter/3.2.5/surefire-booter-3.2.5.jar:/Users/frasertennent/.m2/repository/org/apache/maven/surefire/surefire-api/3.2.5/surefire-api-3.2.5.jar:/Users/frasertennent/.m2/repository/org/apache/maven/surefire/surefire-logger-api/3.2.5/surefire-logger-api-3.2.5.jar:/Users/frasertennent/.m2/repository/org/apache/maven/surefire/surefire-shared-utils/3.2.5/surefire-shared-utils-3.2.5.jar:/Users/frasertennent/.m2/repository/org/apache/maven/surefire/surefire-extensions-spi/3.2.5/surefire-extensions-spi-3.2.5.jar:/Users/frasertennent/IdeaProjects/CAB302-Project/target/test-classes:/Users/frasertennent/.m2/repository/org/openjfx/javafx-controls/21/javafx-controls-21.jar:/Users/frasertennent/.m2/repository/org/openjfx/javafx-graphics/21/javafx-graphics-21.jar:/Users/frasertennent/.m2/repository/org/openjfx/javafx-base/21/javafx-base-21.jar:/Users/frasertennent/.m2/repository/org/openjfx/javafx-fxml/21/javafx-fxml-21.jar:/Users/frasertennent/.m2/repository/org/junit/jupiter/junit-jupiter-api/5.10.2/junit-jupiter-api-5.10.2.jar:/Users/frasertennent/.m2/repository/org/opentest4j/opentest4j/1.3.0/opentest4j-1.3.0.jar:/Users/frasertennent/.m2/repository/org/junit/platform/junit-platform-commons/1.10.2/junit-platform-commons-1.10.2.jar:/Users/frasertennent/.m2/repository/org/apiguardian/apiguardian-api/1.1.2/apiguardian-api-1.1.2.jar:/Users/frasertennent/.m2/repository/org/xerial/sqlite-jdbc/3.49.1.0/sqlite-jdbc-3.49.1.0.jar:/Users/frasertennent/.m2/repository/org/junit/jupiter/junit-jupiter-engine/5.10.2/junit-jupiter-engine-5.10.2.jar:/Users/frasertennent/.m2/repository/org/junit/platform/junit-platform-engine/1.10.2/junit-platform-engine-1.10.2.jar:/Users/frasertennent/.m2/repository/org/apache/maven/surefire/surefire-junit-platform/3.2.5/surefire-junit-platform-3.2.5.jar:/Users/frasertennent/.m2/repository/org/apache/maven/surefire/common-java5/3.2.5/common-java5-3.2.5.jar:/Users/frasertennent/.m2/repository/org/junit/platform/junit-platform-launcher/1.10.2/junit-platform-launcher-1.10.2.jar"/>
    <property name="sun.management.compiler" value="HotSpot 64-Bit Tiered Compilers"/>
    <property name="ftp.nonProxyHosts" value="local|*.local|169.254/16|*.169.254/16"/>
    <property name="java.runtime.version" value="21.0.8+9-LTS"/>
    <property name="user.name" value="frasertennent"/>
    <property name="stdout.encoding" value="UTF-8"/>
    <property name="path.separator" value=":"/>
    <property name="os.version" value="15.6.1"/>
    <property name="java.runtime.name" value="OpenJDK Runtime Environment"/>
    <property name="file.encoding" value="UTF-8"/>
    <property name="java.vm.name" value="OpenJDK 64-Bit Server VM"/>
    <property name="java.vendor.version" value="Corretto-21.0.8.9.1"/>
    <property name="localRepository" value="/Users/frasertennent/.m2/repository"/>
    <property name="java.vendor.url.bug" value="https://github.com/corretto/corretto-21/issues/"/>
    <property name="java.io.tmpdir" value="/var/folders/fl/nnq4s8jj1bb2p11r7yh_07j40000gn/T/"/>
    <property name="idea.version" value="2025.1.3"/>
    <property name="java.version" value="21.0.8"/>
    <property name="user.dir" value="/Users/frasertennent/IdeaProjects/CAB302-Project"/>
    <property name="os.arch" value="aarch64"/>
    <property name="java.vm.specification.name" value="Java Virtual Machine Specification"/>
    <property name="native.encoding" value="UTF-8"/>
    <property name="java.library.path" value="/Users/frasertennent/Library/Java/Extensions:/Library/Java/Extensions:/Network/Library/Java/Extensions:/System/Library/Java/Extensions:/usr/lib/java:."/>
    <property name="java.vm.info" value="mixed mode"/>
    <property name="stderr.encoding" value="UTF-8"/>
    <property name="java.vendor" value="Amazon.com Inc."/>
    <property name="java.vm.version" value="21.0.8+9-LTS"/>
    <property name="sun.io.unicode.encoding" value="UnicodeBig"/>
    <property name="socksNonProxyHosts" value="local|*.local|169.254/16|*.169.254/16"/>
    <property name="java.class.version" value="65.0"/>
  </properties>
  <testcase name="costFactorEmbeddedInHash_isWhatWeAskedFor" classname="com.cab302.javafxreadingdemo.model.PasswordHashTest" time="0.434"/>
  <testcase name="hashIsSalted_eachHashIsDifferent" classname="com.cab302.javafxreadingdemo.model.PasswordHashTest" time="0.21"/>
  <testcase name="correctPasswordMatchesHash_wrongPasswordDoesNot" classname="com.cab302.javafxreadingdemo.model.PasswordHashTest" time="0.155"/>
  <testcase name="hashHasBcryptFormat" classname="com.cab302.javafxreadingdemo.model.PasswordHashTest" time="0.052"/>
  <testcase name="malformedHash_throwsIllegalArgumentException" classname="com.cab302.javafxreadingdemo.model.PasswordHashTest" time="0.001"/>
  <testcase name="hashIsNotRaw" classname="com.cab302.javafxreadingdemo.model.PasswordHashTest" time="0.052"/>
</testsuite>